<?xml version="1.0" encoding="UTF-8"?>
<testng-results ignored="0" total="1" passed="1" failed="0" skipped="0">
  <reporter-output>
  </reporter-output>
  <suite started-at="2024-01-08T08:23:25 IST" name="Default suite" finished-at="2024-01-08T08:23:55 IST" duration-ms="29940">
    <groups>
    </groups>
    <test started-at="2024-01-08T08:23:25 IST" name="Default test" finished-at="2024-01-08T08:23:55 IST" duration-ms="29940">
      <class name="com.orange.runner.runner1">
        <test-method is-config="true" signature="reports()[pri:0, instance:com.orange.runner.runner1@1de5f259]" started-at="2024-01-08T08:23:24 IST" name="reports" finished-at="2024-01-08T08:23:25 IST" duration-ms="500" status="PASS">
          <reporter-output>
          </reporter-output>
        </test-method> <!-- reports -->
        <test-method is-config="true" signature="launch()[pri:0, instance:com.orange.runner.runner1@1de5f259]" started-at="2024-01-08T08:23:25 IST" name="launch" finished-at="2024-01-08T08:23:41 IST" duration-ms="16676" status="PASS">
          <reporter-output>
          </reporter-output>
        </test-method> <!-- launch -->
        <test-method is-config="true" signature="login()[pri:0, instance:com.orange.runner.runner1@1de5f259]" started-at="2024-01-08T08:23:42 IST" name="login" finished-at="2024-01-08T08:23:50 IST" duration-ms="8325" status="PASS">
          <reporter-output>
          </reporter-output>
        </test-method> <!-- login -->
        <test-method signature="run()[pri:0, instance:com.orange.runner.runner1@1de5f259]" started-at="2024-01-08T08:23:50 IST" name="run" finished-at="2024-01-08T08:23:55 IST" duration-ms="4826" status="PASS">
          <reporter-output>
          </reporter-output>
        </test-method> <!-- run -->
        <test-method is-config="true" signature="close(org.openqa.selenium.WebDriver)[pri:0, instance:com.orange.runner.runner1@1de5f259]" started-at="2024-01-08T08:23:55 IST" name="close" finished-at="1970-01-01T05:30:00 IST" duration-ms="-1704682435193" status="FAIL">
          <exception class="org.testng.TestNGException">
            <message>
              <![CDATA[
Can inject only one of <ITestContext, XmlTest> into a @AfterTest annotated close.
For more information on native dependency injection please refer to https://testng.org/doc/documentation-main.html#native-dependency-injection]]>
            </message>
            <full-stacktrace>
              <![CDATA[org.testng.TestNGException: 
Can inject only one of <ITestContext, XmlTest> into a @AfterTest annotated close.
For more information on native dependency injection please refer to https://testng.org/doc/documentation-main.html#native-dependency-injection
at org.testng.internal.Parameters.checkParameterTypes(Parameters.java:439)
at org.testng.internal.Parameters.createParametersForMethod(Parameters.java:353)
at org.testng.internal.Parameters.createParameters(Parameters.java:708)
at org.testng.internal.Parameters.createConfigurationParameters(Parameters.java:168)
at org.testng.internal.ConfigInvoker.invokeConfigurations(ConfigInvoker.java:302)
at org.testng.TestRunner.invokeTestConfigurations(TestRunner.java:637)
at org.testng.TestRunner.afterRun(TestRunner.java:877)
at org.testng.TestRunner.run(TestRunner.java:599)
at org.testng.SuiteRunner.runTest(SuiteRunner.java:377)
at org.testng.SuiteRunner.runSequentially(SuiteRunner.java:371)
at org.testng.SuiteRunner.privateRun(SuiteRunner.java:332)
at org.testng.SuiteRunner.run(SuiteRunner.java:276)
at org.testng.SuiteRunnerWorker.runSuite(SuiteRunnerWorker.java:53)
at org.testng.SuiteRunnerWorker.run(SuiteRunnerWorker.java:96)
at org.testng.TestNG.runSuitesSequentially(TestNG.java:1212)
at org.testng.TestNG.runSuitesLocally(TestNG.java:1134)
at org.testng.TestNG.runSuites(TestNG.java:1063)
at org.testng.TestNG.run(TestNG.java:1031)
at org.testng.remote.AbstractRemoteTestNG.run(AbstractRemoteTestNG.java:115)
at org.testng.remote.RemoteTestNG.initAndRun(RemoteTestNG.java:251)
at org.testng.remote.RemoteTestNG.main(RemoteTestNG.java:77)
]]>
            </full-stacktrace>
          </exception> <!-- org.testng.TestNGException -->
          <reporter-output>
          </reporter-output>
        </test-method> <!-- close -->
      </class> <!-- com.orange.runner.runner1 -->
    </test> <!-- Default test -->
  </suite> <!-- Default suite -->
</testng-results>
